# JRE version: Java(TM) SE Runtime Environment (8.0_131-b11) (build 1.8.0_131-b11)
# Java VM: Java HotSpot(TM) 64-Bit Server VM (25.131-b11 mixed mode windows-amd64 compressed oops)
Heap:
 PSYoungGen      total 132096K, used 120886K [0x00000000f5580000, 0x00000000fef00000, 0x0000000100000000)
  eden space 117248K, 90% used [0x00000000f5580000,0x00000000fbd0f478,0x00000000fc800000)
  from space 14848K, 99% used [0x00000000fdb00000,0x00000000fe97e600,0x00000000fe980000)
  to   space 19456K, 0% used [0x00000000fc800000,0x00000000fc800000,0x00000000fdb00000)
 ParOldGen       total 68096K, used 25874K [0x00000000e0000000, 0x00000000e4280000, 0x00000000f5580000)
  object space 68096K, 37% used [0x00000000e0000000,0x00000000e1944818,0x00000000e4280000)
 Metaspace       used 32269K, capacity 33762K, committed 33920K, reserved 1079296K
  class space    used 4306K, capacity 4626K, committed 4736K, reserved 1048576K
GC Heap History (10 events):
Event: 1.590 GC heap before
{Heap before GC invocations=5 (full 1):
 PSYoungGen      total 71680K, used 5093K [0x00000000f5580000, 0x00000000fa080000, 0x0000000100000000)
  eden space 66560K, 0% used [0x00000000f5580000,0x00000000f5580000,0x00000000f9680000)
  from space 5120K, 99% used [0x00000000f9b80000,0x00000000fa079640,0x00000000fa080000)
  to   space 5120K, 0% used [0x00000000f9680000,0x00000000f9680000,0x00000000f9b80000)
 ParOldGen       total 87552K, used 9623K [0x00000000e0000000, 0x00000000e5580000, 0x00000000f5580000)
  object space 87552K, 10% used [0x00000000e0000000,0x00000000e0965ec8,0x00000000e5580000)
 Metaspace       used 20781K, capacity 21218K, committed 21296K, reserved 1069056K
  class space    used 2556K, capacity 2674K, committed 2688K, reserved 1048576K
Event: 1.641 GC heap after
Heap after GC invocations=5 (full 1):
 PSYoungGen      total 71680K, used 0K [0x00000000f5580000, 0x00000000fa080000, 0x0000000100000000)
  eden space 66560K, 0% used [0x00000000f5580000,0x00000000f5580000,0x00000000f9680000)
  from space 5120K, 0% used [0x00000000f9b80000,0x00000000f9b80000,0x00000000fa080000)
  to   space 5120K, 0% used [0x00000000f9680000,0x00000000f9680000,0x00000000f9b80000)
 ParOldGen       total 68096K, used 10284K [0x00000000e0000000, 0x00000000e4280000, 0x00000000f5580000)
  object space 68096K, 15% used [0x00000000e0000000,0x00000000e0a0b230,0x00000000e4280000)
 Metaspace       used 20781K, capacity 21218K, committed 21296K, reserved 1069056K
  class space    used 2556K, capacity 2674K, committed 2688K, reserved 1048576K
}
Event: 2.091 GC heap before
{Heap before GC invocations=6 (full 1):
 PSYoungGen      total 71680K, used 66560K [0x00000000f5580000, 0x00000000fa080000, 0x0000000100000000)
  eden space 66560K, 100% used [0x00000000f5580000,0x00000000f9680000,0x00000000f9680000)
  from space 5120K, 0% used [0x00000000f9b80000,0x00000000f9b80000,0x00000000fa080000)
  to   space 5120K, 0% used [0x00000000f9680000,0x00000000f9680000,0x00000000f9b80000)
 ParOldGen       total 68096K, used 10284K [0x00000000e0000000, 0x00000000e4280000, 0x00000000f5580000)
  object space 68096K, 15% used [0x00000000e0000000,0x00000000e0a0b230,0x00000000e4280000)
 Metaspace       used 23027K, capacity 23670K, committed 23936K, reserved 1071104K
  class space    used 2954K, capacity 3132K, committed 3200K, reserved 1048576K
Event: 2.095 GC heap after
Heap after GC invocations=6 (full 1):
 PSYoungGen      total 71680K, used 4720K [0x00000000f5580000, 0x00000000fc080000, 0x0000000100000000)
  eden space 66560K, 0% used [0x00000000f5580000,0x00000000f5580000,0x00000000f9680000)
  from space 5120K, 92% used [0x00000000f9680000,0x00000000f9b1c010,0x00000000f9b80000)
  to   space 9728K, 0% used [0x00000000fb700000,0x00000000fb700000,0x00000000fc080000)
 ParOldGen       total 68096K, used 10292K [0x00000000e0000000, 0x00000000e4280000, 0x00000000f5580000)
  object space 68096K, 15% used [0x00000000e0000000,0x00000000e0a0d230,0x00000000e4280000)
 Metaspace       used 23027K, capacity 23670K, committed 23936K, reserved 1071104K
  class space    used 2954K, capacity 3132K, committed 3200K, reserved 1048576K
}
Event: 2.276 GC heap before
{Heap before GC invocations=7 (full 1):
 PSYoungGen      total 71680K, used 71280K [0x00000000f5580000, 0x00000000fc080000, 0x0000000100000000)
  eden space 66560K, 100% used [0x00000000f5580000,0x00000000f9680000,0x00000000f9680000)
  from space 5120K, 92% used [0x00000000f9680000,0x00000000f9b1c010,0x00000000f9b80000)
  to   space 9728K, 0% used [0x00000000fb700000,0x00000000fb700000,0x00000000fc080000)
 ParOldGen       total 68096K, used 10292K [0x00000000e0000000, 0x00000000e4280000, 0x00000000f5580000)
  object space 68096K, 15% used [0x00000000e0000000,0x00000000e0a0d230,0x00000000e4280000)
 Metaspace       used 24001K, capacity 24562K, committed 24704K, reserved 1071104K
  class space    used 3177K, capacity 3334K, committed 3456K, reserved 1048576K
Event: 2.282 GC heap after
Heap after GC invocations=7 (full 1):
 PSYoungGen      total 100352K, used 7329K [0x00000000f5580000, 0x00000000fc280000, 0x0000000100000000)
  eden space 90624K, 0% used [0x00000000f5580000,0x00000000f5580000,0x00000000fae00000)
  from space 9728K, 75% used [0x00000000fb700000,0x00000000fbe287e0,0x00000000fc080000)
  to   space 9216K, 0% used [0x00000000fae00000,0x00000000fae00000,0x00000000fb700000)
 ParOldGen       total 68096K, used 10300K [0x00000000e0000000, 0x00000000e4280000, 0x00000000f5580000)
  object space 68096K, 15% used [0x00000000e0000000,0x00000000e0a0f230,0x00000000e4280000)
 Metaspace       used 24001K, capacity 24562K, committed 24704K, reserved 1071104K
  class space    used 3177K, capacity 3334K, committed 3456K, reserved 1048576K
}
Event: 5.134 GC heap before
{Heap before GC invocations=8 (full 1):
 PSYoungGen      total 100352K, used 97953K [0x00000000f5580000, 0x00000000fc280000, 0x0000000100000000)
  eden space 90624K, 100% used [0x00000000f5580000,0x00000000fae00000,0x00000000fae00000)
  from space 9728K, 75% used [0x00000000fb700000,0x00000000fbe287e0,0x00000000fc080000)
  to   space 9216K, 0% used [0x00000000fae00000,0x00000000fae00000,0x00000000fb700000)
 ParOldGen       total 68096K, used 10300K [0x00000000e0000000, 0x00000000e4280000, 0x00000000f5580000)
  object space 68096K, 15% used [0x00000000e0000000,0x00000000e0a0f230,0x00000000e4280000)
 Metaspace       used 29452K, capacity 30826K, committed 30976K, reserved 1075200K
  class space    used 4026K, capacity 4314K, committed 4352K, reserved 1048576K
Event: 5.145 GC heap after
Heap after GC invocations=8 (full 1):
 PSYoungGen      total 99840K, used 9209K [0x00000000f5580000, 0x00000000fe980000, 0x0000000100000000)
  eden space 90624K, 0% used [0x00000000f5580000,0x00000000f5580000,0x00000000fae00000)
  from space 9216K, 99% used [0x00000000fae00000,0x00000000fb6fe600,0x00000000fb700000)
  to   space 14848K, 0% used [0x00000000fdb00000,0x00000000fdb00000,0x00000000fe980000)
 ParOldGen       total 68096K, used 18988K [0x00000000e0000000, 0x00000000e4280000, 0x00000000f5580000)
  object space 68096K, 27% used [0x00000000e0000000,0x00000000e128b278,0x00000000e4280000)
 Metaspace       used 29452K, capacity 30826K, committed 30976K, reserved 1075200K
  class space    used 4026K, capacity 4314K, committed 4352K, reserved 1048576K
}
Event: 10.682 GC heap before
{Heap before GC invocations=9 (full 1):
 PSYoungGen      total 99840K, used 99833K [0x00000000f5580000, 0x00000000fe980000, 0x0000000100000000)
  eden space 90624K, 100% used [0x00000000f5580000,0x00000000fae00000,0x00000000fae00000)
  from space 9216K, 99% used [0x00000000fae00000,0x00000000fb6fe600,0x00000000fb700000)
  to   space 14848K, 0% used [0x00000000fdb00000,0x00000000fdb00000,0x00000000fe980000)
 ParOldGen       total 68096K, used 18988K [0x00000000e0000000, 0x00000000e4280000, 0x00000000f5580000)
  object space 68096K, 27% used [0x00000000e0000000,0x00000000e128b278,0x00000000e4280000)
 Metaspace       used 31271K, capacity 32746K, committed 33024K, reserved 1077248K
  class space    used 4255K, capacity 4510K, committed 4608K, reserved 1048576K
Event: 10.714 GC heap after
Heap after GC invocations=9 (full 1):
 PSYoungGen      total 132096K, used 14841K [0x00000000f5580000, 0x00000000fef00000, 0x0000000100000000)
  eden space 117248K, 0% used [0x00000000f5580000,0x00000000f5580000,0x00000000fc800000)
  from space 14848K, 99% used [0x00000000fdb00000,0x00000000fe97e600,0x00000000fe980000)
  to   space 19456K, 0% used [0x00000000fc800000,0x00000000fc800000,0x00000000fdb00000)
 ParOldGen       total 68096K, used 25874K [0x00000000e0000000, 0x00000000e4280000, 0x00000000f5580000)
  object space 68096K, 37% used [0x00000000e0000000,0x00000000e1944818,0x00000000e4280000)
 Metaspace       used 31271K, capacity 32746K, committed 33024K, reserved 1077248K
  class space    used 4255K, capacity 4510K, committed 4608K, reserved 1048576K
}

